<?xml version="1.0" encoding="UTF-8"?>
<robot generator="Robot 5.0.1 (Python 3.10.6 on win32)" generated="20220901 23:28:52.338" rpa="false" schemaversion="3">
<suite id="s1" name="Tests" source="C:\qaninja\robot\web\tests">
<suite id="s1-s1" name="checkBox" source="C:\qaninja\robot\web\tests\checkBox.robot">
<test id="s1-s1-t1" name="Marcando opção com ID" line="15">
<kw name="Nova sessão" library="base" type="SETUP">
<kw name="Open Browser" library="SeleniumLibrary">
<arg>${url}</arg>
<arg>chrome</arg>
<doc>Opens a new browser instance to the optional ``url``.</doc>
<msg timestamp="20220901 23:28:52.635" level="INFO">Opening browser 'chrome' to base url 'https://training-wheels-protocol.herokuapp.com'.</msg>
<status status="PASS" starttime="20220901 23:28:52.634" endtime="20220901 23:28:57.032"/>
</kw>
<status status="PASS" starttime="20220901 23:28:52.634" endtime="20220901 23:28:57.032"/>
</kw>
<kw name="Go To" library="SeleniumLibrary">
<arg>${url}/checkboxes</arg>
<doc>Navigates the current browser window to the provided ``url``.</doc>
<msg timestamp="20220901 23:28:57.033" level="INFO">Opening url 'https://training-wheels-protocol.herokuapp.com/checkboxes'</msg>
<status status="PASS" starttime="20220901 23:28:57.033" endtime="20220901 23:28:57.260"/>
</kw>
<kw name="Select Checkbox" library="SeleniumLibrary">
<arg>${check_thor}</arg>
<doc>Selects the checkbox identified by ``locator``.</doc>
<msg timestamp="20220901 23:28:57.261" level="INFO">Selecting checkbox 'id:thor'.</msg>
<status status="PASS" starttime="20220901 23:28:57.260" endtime="20220901 23:28:57.340"/>
</kw>
<kw name="Checkbox Should Be Selected" library="SeleniumLibrary">
<arg>${check_thor}</arg>
<doc>Verifies checkbox ``locator`` is selected/checked.</doc>
<msg timestamp="20220901 23:28:57.341" level="INFO">Verifying checkbox 'id:thor' is selected.</msg>
<status status="PASS" starttime="20220901 23:28:57.341" endtime="20220901 23:28:57.367"/>
</kw>
<kw name="Encerrar sessão" library="base" type="TEARDOWN">
<kw name="Capture Page Screenshot" library="SeleniumLibrary">
<doc>Takes a screenshot of the current page and embeds it into a log file.</doc>
<msg timestamp="20220901 23:28:57.542" level="INFO" html="true">&lt;/td&gt;&lt;/tr&gt;&lt;tr&gt;&lt;td colspan="3"&gt;&lt;a href="selenium-screenshot-1.png"&gt;&lt;img src="selenium-screenshot-1.png" width="800px"&gt;&lt;/a&gt;</msg>
<status status="PASS" starttime="20220901 23:28:57.368" endtime="20220901 23:28:57.543"/>
</kw>
<kw name="Close Browser" library="SeleniumLibrary">
<doc>Closes the current browser.</doc>
<status status="PASS" starttime="20220901 23:28:57.543" endtime="20220901 23:28:59.655"/>
</kw>
<status status="PASS" starttime="20220901 23:28:57.367" endtime="20220901 23:28:59.655"/>
</kw>
<status status="PASS" starttime="20220901 23:28:52.633" endtime="20220901 23:28:59.656"/>
</test>
<test id="s1-s1-t2" name="Marcando opção com CSS Selector" line="22">
<kw name="Nova sessão" library="base" type="SETUP">
<kw name="Open Browser" library="SeleniumLibrary">
<arg>${url}</arg>
<arg>chrome</arg>
<doc>Opens a new browser instance to the optional ``url``.</doc>
<msg timestamp="20220901 23:28:59.659" level="INFO">Opening browser 'chrome' to base url 'https://training-wheels-protocol.herokuapp.com'.</msg>
<status status="PASS" starttime="20220901 23:28:59.658" endtime="20220901 23:29:04.085"/>
</kw>
<status status="PASS" starttime="20220901 23:28:59.658" endtime="20220901 23:29:04.086"/>
</kw>
<kw name="Go To" library="SeleniumLibrary">
<arg>${url}/checkboxes</arg>
<doc>Navigates the current browser window to the provided ``url``.</doc>
<msg timestamp="20220901 23:29:04.086" level="INFO">Opening url 'https://training-wheels-protocol.herokuapp.com/checkboxes'</msg>
<status status="PASS" starttime="20220901 23:29:04.086" endtime="20220901 23:29:04.325"/>
</kw>
<kw name="Select Checkbox" library="SeleniumLibrary">
<arg>${check_iron_man}</arg>
<doc>Selects the checkbox identified by ``locator``.</doc>
<msg timestamp="20220901 23:29:04.326" level="INFO">Selecting checkbox 'css:input[value='iron-man']'.</msg>
<status status="PASS" starttime="20220901 23:29:04.325" endtime="20220901 23:29:04.406"/>
</kw>
<kw name="Checkbox Should Be Selected" library="SeleniumLibrary">
<arg>${check_iron_man}</arg>
<doc>Verifies checkbox ``locator`` is selected/checked.</doc>
<msg timestamp="20220901 23:29:04.407" level="INFO">Verifying checkbox 'css:input[value='iron-man']' is selected.</msg>
<status status="PASS" starttime="20220901 23:29:04.407" endtime="20220901 23:29:04.434"/>
</kw>
<kw name="Encerrar sessão" library="base" type="TEARDOWN">
<kw name="Capture Page Screenshot" library="SeleniumLibrary">
<doc>Takes a screenshot of the current page and embeds it into a log file.</doc>
<msg timestamp="20220901 23:29:04.616" level="INFO" html="true">&lt;/td&gt;&lt;/tr&gt;&lt;tr&gt;&lt;td colspan="3"&gt;&lt;a href="selenium-screenshot-2.png"&gt;&lt;img src="selenium-screenshot-2.png" width="800px"&gt;&lt;/a&gt;</msg>
<status status="PASS" starttime="20220901 23:29:04.435" endtime="20220901 23:29:04.616"/>
</kw>
<kw name="Close Browser" library="SeleniumLibrary">
<doc>Closes the current browser.</doc>
<status status="PASS" starttime="20220901 23:29:04.616" endtime="20220901 23:29:06.726"/>
</kw>
<status status="PASS" starttime="20220901 23:29:04.434" endtime="20220901 23:29:06.726"/>
</kw>
<tag>ironman</tag>
<status status="PASS" starttime="20220901 23:28:59.657" endtime="20220901 23:29:06.727"/>
</test>
<test id="s1-s1-t3" name="Marcando opção com Xpath" line="30">
<kw name="Nova sessão" library="base" type="SETUP">
<kw name="Open Browser" library="SeleniumLibrary">
<arg>${url}</arg>
<arg>chrome</arg>
<doc>Opens a new browser instance to the optional ``url``.</doc>
<msg timestamp="20220901 23:29:06.729" level="INFO">Opening browser 'chrome' to base url 'https://training-wheels-protocol.herokuapp.com'.</msg>
<status status="PASS" starttime="20220901 23:29:06.729" endtime="20220901 23:29:11.094"/>
</kw>
<status status="PASS" starttime="20220901 23:29:06.728" endtime="20220901 23:29:11.094"/>
</kw>
<kw name="Go To" library="SeleniumLibrary">
<arg>${url}/checkboxes</arg>
<doc>Navigates the current browser window to the provided ``url``.</doc>
<msg timestamp="20220901 23:29:11.095" level="INFO">Opening url 'https://training-wheels-protocol.herokuapp.com/checkboxes'</msg>
<status status="PASS" starttime="20220901 23:29:11.095" endtime="20220901 23:29:11.316"/>
</kw>
<kw name="Select Checkbox" library="SeleniumLibrary">
<arg>${check_panther}</arg>
<doc>Selects the checkbox identified by ``locator``.</doc>
<msg timestamp="20220901 23:29:11.317" level="INFO">Selecting checkbox 'xpath://*[@id='checkboxes']/input[7]'.</msg>
<status status="PASS" starttime="20220901 23:29:11.316" endtime="20220901 23:29:11.397"/>
</kw>
<kw name="Checkbox Should Be Selected" library="SeleniumLibrary">
<arg>${check_panther} \</arg>
<doc>Verifies checkbox ``locator`` is selected/checked.</doc>
<msg timestamp="20220901 23:29:11.398" level="INFO">Verifying checkbox 'xpath://*[@id='checkboxes']/input[7] ' is selected.</msg>
<status status="PASS" starttime="20220901 23:29:11.397" endtime="20220901 23:29:11.428"/>
</kw>
<kw name="Encerrar sessão" library="base" type="TEARDOWN">
<kw name="Capture Page Screenshot" library="SeleniumLibrary">
<doc>Takes a screenshot of the current page and embeds it into a log file.</doc>
<msg timestamp="20220901 23:29:11.622" level="INFO" html="true">&lt;/td&gt;&lt;/tr&gt;&lt;tr&gt;&lt;td colspan="3"&gt;&lt;a href="selenium-screenshot-3.png"&gt;&lt;img src="selenium-screenshot-3.png" width="800px"&gt;&lt;/a&gt;</msg>
<status status="PASS" starttime="20220901 23:29:11.429" endtime="20220901 23:29:11.622"/>
</kw>
<kw name="Close Browser" library="SeleniumLibrary">
<doc>Closes the current browser.</doc>
<status status="PASS" starttime="20220901 23:29:11.623" endtime="20220901 23:29:13.717"/>
</kw>
<status status="PASS" starttime="20220901 23:29:11.429" endtime="20220901 23:29:13.717"/>
</kw>
<status status="PASS" starttime="20220901 23:29:06.728" endtime="20220901 23:29:13.718"/>
</test>
<status status="PASS" starttime="20220901 23:28:52.370" endtime="20220901 23:29:13.719"/>
</suite>
<suite id="s1-s2" name="Login Form" source="C:\qaninja\robot\web\tests\login_form.robot">
<test id="s1-s2-t1" name="Login com sucesso" line="9">
<kw name="Nova sessão" library="base" type="SETUP">
<kw name="Open Browser" library="SeleniumLibrary">
<arg>${url}</arg>
<arg>chrome</arg>
<doc>Opens a new browser instance to the optional ``url``.</doc>
<msg timestamp="20220901 23:29:13.729" level="INFO">Opening browser 'chrome' to base url 'https://training-wheels-protocol.herokuapp.com'.</msg>
<status status="PASS" starttime="20220901 23:29:13.728" endtime="20220901 23:29:18.301"/>
</kw>
<status status="PASS" starttime="20220901 23:29:13.728" endtime="20220901 23:29:18.301"/>
</kw>
<kw name="Go To" library="SeleniumLibrary">
<arg>${url}/login</arg>
<doc>Navigates the current browser window to the provided ``url``.</doc>
<msg timestamp="20220901 23:29:18.302" level="INFO">Opening url 'https://training-wheels-protocol.herokuapp.com/login'</msg>
<status status="PASS" starttime="20220901 23:29:18.301" endtime="20220901 23:29:18.700"/>
</kw>
<kw name="Login With">
<arg>stark</arg>
<arg>jarvis!</arg>
<kw name="Input Text" library="SeleniumLibrary">
<arg>css:input[name=username]</arg>
<arg>${uname}</arg>
<doc>Types the given ``text`` into the text field identified by ``locator``.</doc>
<msg timestamp="20220901 23:29:18.702" level="INFO">Typing text 'stark' into text field 'css:input[name=username]'.</msg>
<status status="PASS" starttime="20220901 23:29:18.701" endtime="20220901 23:29:18.785"/>
</kw>
<kw name="Input Text" library="SeleniumLibrary">
<arg>css:input[name=password]</arg>
<arg>${pass}</arg>
<doc>Types the given ``text`` into the text field identified by ``locator``.</doc>
<msg timestamp="20220901 23:29:18.785" level="INFO">Typing text 'jarvis!' into text field 'css:input[name=password]'.</msg>
<status status="PASS" starttime="20220901 23:29:18.785" endtime="20220901 23:29:18.866"/>
</kw>
<kw name="Click Element" library="SeleniumLibrary">
<arg>class:btn-login</arg>
<doc>Click the element identified by ``locator``.</doc>
<msg timestamp="20220901 23:29:18.866" level="INFO">Clicking element 'class:btn-login'.</msg>
<status status="PASS" starttime="20220901 23:29:18.866" endtime="20220901 23:29:19.290"/>
</kw>
<status status="PASS" starttime="20220901 23:29:18.701" endtime="20220901 23:29:19.290"/>
</kw>
<kw name="Shoould See Logged user">
<arg>Tony Stark</arg>
<kw name="Page Should Contain" library="SeleniumLibrary">
<arg>Olá, ${full_name}. Você</arg>
<arg>acessou a área logada!</arg>
<doc>Verifies that current page contains ``text``.</doc>
<msg timestamp="20220901 23:29:19.306" level="INFO">Current page contains text 'Olá, Tony Stark. Você'.</msg>
<status status="PASS" starttime="20220901 23:29:19.291" endtime="20220901 23:29:19.306"/>
</kw>
<status status="PASS" starttime="20220901 23:29:19.291" endtime="20220901 23:29:19.307"/>
</kw>
<kw name="Encerrar sessão" library="base" type="TEARDOWN">
<kw name="Capture Page Screenshot" library="SeleniumLibrary">
<doc>Takes a screenshot of the current page and embeds it into a log file.</doc>
<msg timestamp="20220901 23:29:19.514" level="INFO" html="true">&lt;/td&gt;&lt;/tr&gt;&lt;tr&gt;&lt;td colspan="3"&gt;&lt;a href="selenium-screenshot-4.png"&gt;&lt;img src="selenium-screenshot-4.png" width="800px"&gt;&lt;/a&gt;</msg>
<status status="PASS" starttime="20220901 23:29:19.308" endtime="20220901 23:29:19.514"/>
</kw>
<kw name="Close Browser" library="SeleniumLibrary">
<doc>Closes the current browser.</doc>
<status status="PASS" starttime="20220901 23:29:19.514" endtime="20220901 23:29:21.628"/>
</kw>
<status status="PASS" starttime="20220901 23:29:19.307" endtime="20220901 23:29:21.628"/>
</kw>
<status status="PASS" starttime="20220901 23:29:13.727" endtime="20220901 23:29:21.629"/>
</test>
<test id="s1-s2-t2" name="Senha invalida" line="18">
<kw name="Nova sessão" library="base" type="SETUP">
<kw name="Open Browser" library="SeleniumLibrary">
<arg>${url}</arg>
<arg>chrome</arg>
<doc>Opens a new browser instance to the optional ``url``.</doc>
<msg timestamp="20220901 23:29:21.631" level="INFO">Opening browser 'chrome' to base url 'https://training-wheels-protocol.herokuapp.com'.</msg>
<status status="PASS" starttime="20220901 23:29:21.631" endtime="20220901 23:29:25.821"/>
</kw>
<status status="PASS" starttime="20220901 23:29:21.630" endtime="20220901 23:29:25.821"/>
</kw>
<kw name="Go To" library="SeleniumLibrary">
<arg>${url}/login</arg>
<doc>Navigates the current browser window to the provided ``url``.</doc>
<msg timestamp="20220901 23:29:25.822" level="INFO">Opening url 'https://training-wheels-protocol.herokuapp.com/login'</msg>
<status status="PASS" starttime="20220901 23:29:25.822" endtime="20220901 23:29:26.222"/>
</kw>
<kw name="Login With">
<arg>stark</arg>
<arg>124teste!</arg>
<kw name="Input Text" library="SeleniumLibrary">
<arg>css:input[name=username]</arg>
<arg>${uname}</arg>
<doc>Types the given ``text`` into the text field identified by ``locator``.</doc>
<msg timestamp="20220901 23:29:26.224" level="INFO">Typing text 'stark' into text field 'css:input[name=username]'.</msg>
<status status="PASS" starttime="20220901 23:29:26.223" endtime="20220901 23:29:26.310"/>
</kw>
<kw name="Input Text" library="SeleniumLibrary">
<arg>css:input[name=password]</arg>
<arg>${pass}</arg>
<doc>Types the given ``text`` into the text field identified by ``locator``.</doc>
<msg timestamp="20220901 23:29:26.311" level="INFO">Typing text '124teste!' into text field 'css:input[name=password]'.</msg>
<status status="PASS" starttime="20220901 23:29:26.310" endtime="20220901 23:29:26.387"/>
</kw>
<kw name="Click Element" library="SeleniumLibrary">
<arg>class:btn-login</arg>
<doc>Click the element identified by ``locator``.</doc>
<msg timestamp="20220901 23:29:26.387" level="INFO">Clicking element 'class:btn-login'.</msg>
<status status="PASS" starttime="20220901 23:29:26.387" endtime="20220901 23:29:26.818"/>
</kw>
<status status="PASS" starttime="20220901 23:29:26.223" endtime="20220901 23:29:26.818"/>
</kw>
<kw name="Shoould Contain Login Alert">
<arg>Senha é invalida!</arg>
<kw name="Get WebElement" library="SeleniumLibrary">
<var>${message}</var>
<arg>id:flash</arg>
<doc>Returns the first WebElement matching the given ``locator``.</doc>
<msg timestamp="20220901 23:29:26.832" level="INFO">${message} = &lt;selenium.webdriver.remote.webelement.WebElement (session="3369fea16e3325ab3e2e84a089bf5eb2", element="f779ce01-828b-4682-b70d-c3f487a2357a")&gt;</msg>
<status status="PASS" starttime="20220901 23:29:26.820" endtime="20220901 23:29:26.832"/>
</kw>
<kw name="Should Contain" library="BuiltIn">
<arg>${message.text}</arg>
<arg>${expect_message}</arg>
<doc>Fails if ``container`` does not contain ``item`` one or more times.</doc>
<status status="PASS" starttime="20220901 23:29:26.832" endtime="20220901 23:29:26.847"/>
</kw>
<status status="PASS" starttime="20220901 23:29:26.819" endtime="20220901 23:29:26.847"/>
</kw>
<kw name="Encerrar sessão" library="base" type="TEARDOWN">
<kw name="Capture Page Screenshot" library="SeleniumLibrary">
<doc>Takes a screenshot of the current page and embeds it into a log file.</doc>
<msg timestamp="20220901 23:29:27.021" level="INFO" html="true">&lt;/td&gt;&lt;/tr&gt;&lt;tr&gt;&lt;td colspan="3"&gt;&lt;a href="selenium-screenshot-5.png"&gt;&lt;img src="selenium-screenshot-5.png" width="800px"&gt;&lt;/a&gt;</msg>
<status status="PASS" starttime="20220901 23:29:26.848" endtime="20220901 23:29:27.021"/>
</kw>
<kw name="Close Browser" library="SeleniumLibrary">
<doc>Closes the current browser.</doc>
<status status="PASS" starttime="20220901 23:29:27.022" endtime="20220901 23:29:29.120"/>
</kw>
<status status="PASS" starttime="20220901 23:29:26.848" endtime="20220901 23:29:29.120"/>
</kw>
<tag>login_error</tag>
<status status="PASS" starttime="20220901 23:29:21.630" endtime="20220901 23:29:29.121"/>
</test>
<test id="s1-s2-t3" name="Usuario nào existe" line="27">
<kw name="Nova sessão" library="base" type="SETUP">
<kw name="Open Browser" library="SeleniumLibrary">
<arg>${url}</arg>
<arg>chrome</arg>
<doc>Opens a new browser instance to the optional ``url``.</doc>
<msg timestamp="20220901 23:29:29.123" level="INFO">Opening browser 'chrome' to base url 'https://training-wheels-protocol.herokuapp.com'.</msg>
<status status="PASS" starttime="20220901 23:29:29.123" endtime="20220901 23:29:33.555"/>
</kw>
<status status="PASS" starttime="20220901 23:29:29.123" endtime="20220901 23:29:33.556"/>
</kw>
<kw name="Go To" library="SeleniumLibrary">
<arg>${url}/login</arg>
<doc>Navigates the current browser window to the provided ``url``.</doc>
<msg timestamp="20220901 23:29:33.557" level="INFO">Opening url 'https://training-wheels-protocol.herokuapp.com/login'</msg>
<status status="PASS" starttime="20220901 23:29:33.556" endtime="20220901 23:29:33.951"/>
</kw>
<kw name="Login With">
<arg>Henrique</arg>
<arg>jarvis!</arg>
<kw name="Input Text" library="SeleniumLibrary">
<arg>css:input[name=username]</arg>
<arg>${uname}</arg>
<doc>Types the given ``text`` into the text field identified by ``locator``.</doc>
<msg timestamp="20220901 23:29:33.953" level="INFO">Typing text 'Henrique' into text field 'css:input[name=username]'.</msg>
<status status="PASS" starttime="20220901 23:29:33.953" endtime="20220901 23:29:34.037"/>
</kw>
<kw name="Input Text" library="SeleniumLibrary">
<arg>css:input[name=password]</arg>
<arg>${pass}</arg>
<doc>Types the given ``text`` into the text field identified by ``locator``.</doc>
<msg timestamp="20220901 23:29:34.037" level="INFO">Typing text 'jarvis!' into text field 'css:input[name=password]'.</msg>
<status status="PASS" starttime="20220901 23:29:34.037" endtime="20220901 23:29:34.114"/>
</kw>
<kw name="Click Element" library="SeleniumLibrary">
<arg>class:btn-login</arg>
<doc>Click the element identified by ``locator``.</doc>
<msg timestamp="20220901 23:29:34.115" level="INFO">Clicking element 'class:btn-login'.</msg>
<status status="PASS" starttime="20220901 23:29:34.114" endtime="20220901 23:29:34.592"/>
</kw>
<status status="PASS" starttime="20220901 23:29:33.952" endtime="20220901 23:29:34.592"/>
</kw>
<kw name="Shoould Contain Login Alert">
<arg>O usuário informado não está cadastrado!</arg>
<kw name="Get WebElement" library="SeleniumLibrary">
<var>${message}</var>
<arg>id:flash</arg>
<doc>Returns the first WebElement matching the given ``locator``.</doc>
<msg timestamp="20220901 23:29:34.605" level="INFO">${message} = &lt;selenium.webdriver.remote.webelement.WebElement (session="29c00fade2388a631988710774125048", element="6f0e677b-c42e-4a7b-afe1-6acd94dfc325")&gt;</msg>
<status status="PASS" starttime="20220901 23:29:34.593" endtime="20220901 23:29:34.605"/>
</kw>
<kw name="Should Contain" library="BuiltIn">
<arg>${message.text}</arg>
<arg>${expect_message}</arg>
<doc>Fails if ``container`` does not contain ``item`` one or more times.</doc>
<status status="PASS" starttime="20220901 23:29:34.605" endtime="20220901 23:29:34.620"/>
</kw>
<status status="PASS" starttime="20220901 23:29:34.592" endtime="20220901 23:29:34.621"/>
</kw>
<kw name="Encerrar sessão" library="base" type="TEARDOWN">
<kw name="Capture Page Screenshot" library="SeleniumLibrary">
<doc>Takes a screenshot of the current page and embeds it into a log file.</doc>
<msg timestamp="20220901 23:29:34.799" level="INFO" html="true">&lt;/td&gt;&lt;/tr&gt;&lt;tr&gt;&lt;td colspan="3"&gt;&lt;a href="selenium-screenshot-6.png"&gt;&lt;img src="selenium-screenshot-6.png" width="800px"&gt;&lt;/a&gt;</msg>
<status status="PASS" starttime="20220901 23:29:34.621" endtime="20220901 23:29:34.799"/>
</kw>
<kw name="Close Browser" library="SeleniumLibrary">
<doc>Closes the current browser.</doc>
<status status="PASS" starttime="20220901 23:29:34.799" endtime="20220901 23:29:36.917"/>
</kw>
<status status="PASS" starttime="20220901 23:29:34.621" endtime="20220901 23:29:36.917"/>
</kw>
<tag>login_user_error</tag>
<status status="PASS" starttime="20220901 23:29:29.122" endtime="20220901 23:29:36.918"/>
</test>
<status status="PASS" starttime="20220901 23:29:13.722" endtime="20220901 23:29:36.919"/>
</suite>
<suite id="s1-s3" name="Radio" source="C:\qaninja\robot\web\tests\radio.robot">
<test id="s1-s3-t1" name="Selecionando por ID" line="9">
<kw name="Nova sessão" library="base" type="SETUP">
<kw name="Open Browser" library="SeleniumLibrary">
<arg>${url}</arg>
<arg>chrome</arg>
<doc>Opens a new browser instance to the optional ``url``.</doc>
<msg timestamp="20220901 23:29:36.930" level="INFO">Opening browser 'chrome' to base url 'https://training-wheels-protocol.herokuapp.com'.</msg>
<status status="PASS" starttime="20220901 23:29:36.929" endtime="20220901 23:29:41.497"/>
</kw>
<status status="PASS" starttime="20220901 23:29:36.929" endtime="20220901 23:29:41.497"/>
</kw>
<kw name="Go To" library="SeleniumLibrary">
<arg>${url}/radios</arg>
<doc>Navigates the current browser window to the provided ``url``.</doc>
<msg timestamp="20220901 23:29:41.498" level="INFO">Opening url 'https://training-wheels-protocol.herokuapp.com/radios'</msg>
<status status="PASS" starttime="20220901 23:29:41.498" endtime="20220901 23:29:41.839"/>
</kw>
<kw name="Select Radio Button" library="SeleniumLibrary">
<arg>movies</arg>
<arg>cap</arg>
<doc>Sets the radio button group ``group_name`` to ``value``.</doc>
<msg timestamp="20220901 23:29:41.840" level="INFO">Selecting 'cap' from radio button 'movies'.</msg>
<status status="PASS" starttime="20220901 23:29:41.839" endtime="20220901 23:29:41.900"/>
</kw>
<kw name="Radio Button Should Be Set To" library="SeleniumLibrary">
<arg>movies</arg>
<arg>cap</arg>
<doc>Verifies radio button group ``group_name`` is set to ``value``.</doc>
<msg timestamp="20220901 23:29:41.902" level="INFO">Verifying radio button 'movies' has selection 'cap'.</msg>
<status status="PASS" starttime="20220901 23:29:41.901" endtime="20220901 23:29:41.930"/>
</kw>
<kw name="Encerrar sessão" library="base" type="TEARDOWN">
<kw name="Capture Page Screenshot" library="SeleniumLibrary">
<doc>Takes a screenshot of the current page and embeds it into a log file.</doc>
<msg timestamp="20220901 23:29:42.102" level="INFO" html="true">&lt;/td&gt;&lt;/tr&gt;&lt;tr&gt;&lt;td colspan="3"&gt;&lt;a href="selenium-screenshot-7.png"&gt;&lt;img src="selenium-screenshot-7.png" width="800px"&gt;&lt;/a&gt;</msg>
<status status="PASS" starttime="20220901 23:29:41.931" endtime="20220901 23:29:42.102"/>
</kw>
<kw name="Close Browser" library="SeleniumLibrary">
<doc>Closes the current browser.</doc>
<status status="PASS" starttime="20220901 23:29:42.102" endtime="20220901 23:29:44.220"/>
</kw>
<status status="PASS" starttime="20220901 23:29:41.931" endtime="20220901 23:29:44.221"/>
</kw>
<status status="PASS" starttime="20220901 23:29:36.928" endtime="20220901 23:29:44.221"/>
</test>
<test id="s1-s3-t2" name="Selecionando por Value" line="16">
<kw name="Nova sessão" library="base" type="SETUP">
<kw name="Open Browser" library="SeleniumLibrary">
<arg>${url}</arg>
<arg>chrome</arg>
<doc>Opens a new browser instance to the optional ``url``.</doc>
<msg timestamp="20220901 23:29:44.224" level="INFO">Opening browser 'chrome' to base url 'https://training-wheels-protocol.herokuapp.com'.</msg>
<status status="PASS" starttime="20220901 23:29:44.224" endtime="20220901 23:29:48.613"/>
</kw>
<status status="PASS" starttime="20220901 23:29:44.223" endtime="20220901 23:29:48.613"/>
</kw>
<kw name="Go To" library="SeleniumLibrary">
<arg>${url}/radios</arg>
<doc>Navigates the current browser window to the provided ``url``.</doc>
<msg timestamp="20220901 23:29:48.614" level="INFO">Opening url 'https://training-wheels-protocol.herokuapp.com/radios'</msg>
<status status="PASS" starttime="20220901 23:29:48.614" endtime="20220901 23:29:48.949"/>
</kw>
<kw name="Select Radio Button" library="SeleniumLibrary">
<arg>movies</arg>
<arg>guardians</arg>
<doc>Sets the radio button group ``group_name`` to ``value``.</doc>
<msg timestamp="20220901 23:29:48.950" level="INFO">Selecting 'guardians' from radio button 'movies'.</msg>
<status status="PASS" starttime="20220901 23:29:48.949" endtime="20220901 23:29:49.013"/>
</kw>
<kw name="Radio Button Should Be Set To" library="SeleniumLibrary">
<arg>movies</arg>
<arg>guardians</arg>
<doc>Verifies radio button group ``group_name`` is set to ``value``.</doc>
<msg timestamp="20220901 23:29:49.014" level="INFO">Verifying radio button 'movies' has selection 'guardians'.</msg>
<status status="PASS" starttime="20220901 23:29:49.013" endtime="20220901 23:29:49.072"/>
</kw>
<kw name="Encerrar sessão" library="base" type="TEARDOWN">
<kw name="Capture Page Screenshot" library="SeleniumLibrary">
<doc>Takes a screenshot of the current page and embeds it into a log file.</doc>
<msg timestamp="20220901 23:29:49.224" level="INFO" html="true">&lt;/td&gt;&lt;/tr&gt;&lt;tr&gt;&lt;td colspan="3"&gt;&lt;a href="selenium-screenshot-8.png"&gt;&lt;img src="selenium-screenshot-8.png" width="800px"&gt;&lt;/a&gt;</msg>
<status status="PASS" starttime="20220901 23:29:49.073" endtime="20220901 23:29:49.224"/>
</kw>
<kw name="Close Browser" library="SeleniumLibrary">
<doc>Closes the current browser.</doc>
<status status="PASS" starttime="20220901 23:29:49.224" endtime="20220901 23:29:51.340"/>
</kw>
<status status="PASS" starttime="20220901 23:29:49.072" endtime="20220901 23:29:51.340"/>
</kw>
<status status="PASS" starttime="20220901 23:29:44.222" endtime="20220901 23:29:51.341"/>
</test>
<status status="PASS" starttime="20220901 23:29:36.921" endtime="20220901 23:29:51.342"/>
</suite>
<suite id="s1-s4" name="Select" source="C:\qaninja\robot\web\tests\select.robot">
<test id="s1-s4-t1" name="Selecionar por texto e valida pelo valor" line="8">
<kw name="Nova sessão" library="base" type="SETUP">
<kw name="Open Browser" library="SeleniumLibrary">
<arg>${url}</arg>
<arg>chrome</arg>
<doc>Opens a new browser instance to the optional ``url``.</doc>
<msg timestamp="20220901 23:29:51.351" level="INFO">Opening browser 'chrome' to base url 'https://training-wheels-protocol.herokuapp.com'.</msg>
<status status="PASS" starttime="20220901 23:29:51.350" endtime="20220901 23:29:55.963"/>
</kw>
<status status="PASS" starttime="20220901 23:29:51.350" endtime="20220901 23:29:55.963"/>
</kw>
<kw name="Go To" library="SeleniumLibrary">
<arg>${url}/dropdown</arg>
<doc>Navigates the current browser window to the provided ``url``.</doc>
<msg timestamp="20220901 23:29:55.964" level="INFO">Opening url 'https://training-wheels-protocol.herokuapp.com/dropdown'</msg>
<status status="PASS" starttime="20220901 23:29:55.964" endtime="20220901 23:29:56.191"/>
</kw>
<kw name="Select From List By Label" library="SeleniumLibrary">
<arg>class:avenger-list</arg>
<arg>Natasha Romanoff</arg>
<doc>Selects options from selection list ``locator`` by ``labels``.</doc>
<msg timestamp="20220901 23:29:56.192" level="INFO">Selecting options from selection list 'class:avenger-list' by label Natasha Romanoff.</msg>
<status status="PASS" starttime="20220901 23:29:56.191" endtime="20220901 23:29:56.256"/>
</kw>
<kw name="Get Selected List Value" library="SeleniumLibrary">
<var>${selected}</var>
<arg>class:avenger-list</arg>
<doc>Returns the value of selected option from selection list ``locator``.</doc>
<msg timestamp="20220901 23:29:56.333" level="INFO">${selected} = 4</msg>
<status status="PASS" starttime="20220901 23:29:56.256" endtime="20220901 23:29:56.333"/>
</kw>
<kw name="Should Be Equal" library="BuiltIn">
<arg>${selected}</arg>
<arg>4</arg>
<doc>Fails if the given objects are unequal.</doc>
<status status="PASS" starttime="20220901 23:29:56.333" endtime="20220901 23:29:56.334"/>
</kw>
<kw name="Encerrar sessão" library="base" type="TEARDOWN">
<kw name="Capture Page Screenshot" library="SeleniumLibrary">
<doc>Takes a screenshot of the current page and embeds it into a log file.</doc>
<msg timestamp="20220901 23:29:56.683" level="INFO" html="true">&lt;/td&gt;&lt;/tr&gt;&lt;tr&gt;&lt;td colspan="3"&gt;&lt;a href="selenium-screenshot-9.png"&gt;&lt;img src="selenium-screenshot-9.png" width="800px"&gt;&lt;/a&gt;</msg>
<status status="PASS" starttime="20220901 23:29:56.335" endtime="20220901 23:29:56.683"/>
</kw>
<kw name="Close Browser" library="SeleniumLibrary">
<doc>Closes the current browser.</doc>
<status status="PASS" starttime="20220901 23:29:56.683" endtime="20220901 23:29:58.794"/>
</kw>
<status status="PASS" starttime="20220901 23:29:56.334" endtime="20220901 23:29:58.794"/>
</kw>
<status status="PASS" starttime="20220901 23:29:51.349" endtime="20220901 23:29:58.795"/>
</test>
<test id="s1-s4-t2" name="Selecionar pelo valor e validar pelo text" line="15">
<kw name="Nova sessão" library="base" type="SETUP">
<kw name="Open Browser" library="SeleniumLibrary">
<arg>${url}</arg>
<arg>chrome</arg>
<doc>Opens a new browser instance to the optional ``url``.</doc>
<msg timestamp="20220901 23:29:58.797" level="INFO">Opening browser 'chrome' to base url 'https://training-wheels-protocol.herokuapp.com'.</msg>
<status status="PASS" starttime="20220901 23:29:58.797" endtime="20220901 23:30:03.064"/>
</kw>
<status status="PASS" starttime="20220901 23:29:58.797" endtime="20220901 23:30:03.065"/>
</kw>
<kw name="Go To" library="SeleniumLibrary">
<arg>${url}/dropdown</arg>
<doc>Navigates the current browser window to the provided ``url``.</doc>
<msg timestamp="20220901 23:30:03.065" level="INFO">Opening url 'https://training-wheels-protocol.herokuapp.com/dropdown'</msg>
<status status="PASS" starttime="20220901 23:30:03.065" endtime="20220901 23:30:03.293"/>
</kw>
<kw name="Select From List By Value" library="SeleniumLibrary">
<arg>id=dropdown</arg>
<arg>6</arg>
<doc>Selects options from selection list ``locator`` by ``values``.</doc>
<msg timestamp="20220901 23:30:03.294" level="INFO">Selecting options from selection list 'id=dropdown' by value 6.</msg>
<status status="PASS" starttime="20220901 23:30:03.293" endtime="20220901 23:30:03.357"/>
</kw>
<kw name="Get Selected List Label" library="SeleniumLibrary">
<var>${selected}</var>
<arg>id=dropdown</arg>
<doc>Returns the label of selected option from selection list ``locator``.</doc>
<msg timestamp="20220901 23:30:03.451" level="INFO">${selected} = Loki</msg>
<status status="PASS" starttime="20220901 23:30:03.358" endtime="20220901 23:30:03.451"/>
</kw>
<kw name="Should Be Equal" library="BuiltIn">
<arg>${selected}</arg>
<arg>Loki</arg>
<doc>Fails if the given objects are unequal.</doc>
<status status="PASS" starttime="20220901 23:30:03.452" endtime="20220901 23:30:03.452"/>
</kw>
<kw name="Encerrar sessão" library="base" type="TEARDOWN">
<kw name="Capture Page Screenshot" library="SeleniumLibrary">
<doc>Takes a screenshot of the current page and embeds it into a log file.</doc>
<msg timestamp="20220901 23:30:03.770" level="INFO" html="true">&lt;/td&gt;&lt;/tr&gt;&lt;tr&gt;&lt;td colspan="3"&gt;&lt;a href="selenium-screenshot-10.png"&gt;&lt;img src="selenium-screenshot-10.png" width="800px"&gt;&lt;/a&gt;</msg>
<status status="PASS" starttime="20220901 23:30:03.453" endtime="20220901 23:30:03.770"/>
</kw>
<kw name="Close Browser" library="SeleniumLibrary">
<doc>Closes the current browser.</doc>
<status status="PASS" starttime="20220901 23:30:03.770" endtime="20220901 23:30:05.875"/>
</kw>
<status status="PASS" starttime="20220901 23:30:03.452" endtime="20220901 23:30:05.875"/>
</kw>
<status status="PASS" starttime="20220901 23:29:58.796" endtime="20220901 23:30:05.876"/>
</test>
<status status="PASS" starttime="20220901 23:29:51.344" endtime="20220901 23:30:05.877"/>
</suite>
<suite id="s1-s5" name="Tables" source="C:\qaninja\robot\web\tests\tables.robot">
<test id="s1-s5-t1" name="Verifica o valor ao informar o numero da linha" line="8">
<kw name="Nova sessão" library="base" type="SETUP">
<kw name="Open Browser" library="SeleniumLibrary">
<arg>${url}</arg>
<arg>chrome</arg>
<doc>Opens a new browser instance to the optional ``url``.</doc>
<msg timestamp="20220901 23:30:05.886" level="INFO">Opening browser 'chrome' to base url 'https://training-wheels-protocol.herokuapp.com'.</msg>
<status status="PASS" starttime="20220901 23:30:05.886" endtime="20220901 23:30:11.428"/>
</kw>
<status status="PASS" starttime="20220901 23:30:05.885" endtime="20220901 23:30:11.428"/>
</kw>
<kw name="Go To" library="SeleniumLibrary">
<arg>${url}/tables</arg>
<doc>Navigates the current browser window to the provided ``url``.</doc>
<msg timestamp="20220901 23:30:11.430" level="INFO">Opening url 'https://training-wheels-protocol.herokuapp.com/tables'</msg>
<status status="PASS" starttime="20220901 23:30:11.429" endtime="20220901 23:30:11.802"/>
</kw>
<kw name="Table Row Should Contain" library="SeleniumLibrary">
<arg>id:actors</arg>
<arg>1</arg>
<arg>10.000.000</arg>
<doc>Verifies that table row contains text ``expected``.</doc>
<status status="PASS" starttime="20220901 23:30:11.803" endtime="20220901 23:30:11.873"/>
</kw>
<kw name="Encerrar sessão" library="base" type="TEARDOWN">
<kw name="Capture Page Screenshot" library="SeleniumLibrary">
<doc>Takes a screenshot of the current page and embeds it into a log file.</doc>
<msg timestamp="20220901 23:30:12.007" level="INFO" html="true">&lt;/td&gt;&lt;/tr&gt;&lt;tr&gt;&lt;td colspan="3"&gt;&lt;a href="selenium-screenshot-11.png"&gt;&lt;img src="selenium-screenshot-11.png" width="800px"&gt;&lt;/a&gt;</msg>
<status status="PASS" starttime="20220901 23:30:11.874" endtime="20220901 23:30:12.008"/>
</kw>
<kw name="Close Browser" library="SeleniumLibrary">
<doc>Closes the current browser.</doc>
<status status="PASS" starttime="20220901 23:30:12.008" endtime="20220901 23:30:14.110"/>
</kw>
<status status="PASS" starttime="20220901 23:30:11.874" endtime="20220901 23:30:14.110"/>
</kw>
<status status="PASS" starttime="20220901 23:30:05.885" endtime="20220901 23:30:14.111"/>
</test>
<test id="s1-s5-t2" name="Descobre a Linha pelo texto chave e valida os demais valores" line="14">
<kw name="Nova sessão" library="base" type="SETUP">
<kw name="Open Browser" library="SeleniumLibrary">
<arg>${url}</arg>
<arg>chrome</arg>
<doc>Opens a new browser instance to the optional ``url``.</doc>
<msg timestamp="20220901 23:30:14.113" level="INFO">Opening browser 'chrome' to base url 'https://training-wheels-protocol.herokuapp.com'.</msg>
<status status="PASS" starttime="20220901 23:30:14.113" endtime="20220901 23:30:18.698"/>
</kw>
<status status="PASS" starttime="20220901 23:30:14.113" endtime="20220901 23:30:18.698"/>
</kw>
<kw name="Go To" library="SeleniumLibrary">
<arg>${url}/tables</arg>
<doc>Navigates the current browser window to the provided ``url``.</doc>
<msg timestamp="20220901 23:30:18.699" level="INFO">Opening url 'https://training-wheels-protocol.herokuapp.com/tables'</msg>
<status status="PASS" starttime="20220901 23:30:18.699" endtime="20220901 23:30:19.055"/>
</kw>
<kw name="Get WebElement" library="SeleniumLibrary">
<var>${target}</var>
<arg>xpath:.//tr[contains(., '@chadwickboseman')]</arg>
<doc>Returns the first WebElement matching the given ``locator``.</doc>
<msg timestamp="20220901 23:30:19.067" level="INFO">${target} = &lt;selenium.webdriver.remote.webelement.WebElement (session="fc55829301907b1342c1a02f9c3d805c", element="691b3240-579b-4177-888c-0799c43b52c4")&gt;</msg>
<status status="PASS" starttime="20220901 23:30:19.055" endtime="20220901 23:30:19.067"/>
</kw>
<kw name="Log" library="BuiltIn">
<arg>${target.text}</arg>
<doc>Logs the given message with the given level.</doc>
<msg timestamp="20220901 23:30:19.083" level="INFO">Chadwick Boseman Pantera Negra Vingadores $ 700.000 @chadwickboseman edit delete</msg>
<status status="PASS" starttime="20220901 23:30:19.067" endtime="20220901 23:30:19.083"/>
</kw>
<kw name="Log To Console" library="BuiltIn">
<arg>${Target.text}</arg>
<doc>Logs the given message to the console.</doc>
<status status="PASS" starttime="20220901 23:30:19.083" endtime="20220901 23:30:19.093"/>
</kw>
<kw name="Should Contain" library="BuiltIn">
<arg>${target.text}</arg>
<arg>Pantera Negra</arg>
<doc>Fails if ``container`` does not contain ``item`` one or more times.</doc>
<status status="PASS" starttime="20220901 23:30:19.093" endtime="20220901 23:30:19.103"/>
</kw>
<kw name="Should Contain" library="BuiltIn">
<arg>${target.text}</arg>
<arg>$ 700.000</arg>
<doc>Fails if ``container`` does not contain ``item`` one or more times.</doc>
<status status="PASS" starttime="20220901 23:30:19.104" endtime="20220901 23:30:19.113"/>
</kw>
<kw name="Encerrar sessão" library="base" type="TEARDOWN">
<kw name="Capture Page Screenshot" library="SeleniumLibrary">
<doc>Takes a screenshot of the current page and embeds it into a log file.</doc>
<msg timestamp="20220901 23:30:19.245" level="INFO" html="true">&lt;/td&gt;&lt;/tr&gt;&lt;tr&gt;&lt;td colspan="3"&gt;&lt;a href="selenium-screenshot-12.png"&gt;&lt;img src="selenium-screenshot-12.png" width="800px"&gt;&lt;/a&gt;</msg>
<status status="PASS" starttime="20220901 23:30:19.114" endtime="20220901 23:30:19.245"/>
</kw>
<kw name="Close Browser" library="SeleniumLibrary">
<doc>Closes the current browser.</doc>
<status status="PASS" starttime="20220901 23:30:19.245" endtime="20220901 23:30:21.346"/>
</kw>
<status status="PASS" starttime="20220901 23:30:19.113" endtime="20220901 23:30:21.346"/>
</kw>
<status status="PASS" starttime="20220901 23:30:14.112" endtime="20220901 23:30:21.347"/>
</test>
<status status="PASS" starttime="20220901 23:30:05.879" endtime="20220901 23:30:21.348"/>
</suite>
<suite id="s1-s6" name="Title" source="C:\qaninja\robot\web\tests\title.robot">
<test id="s1-s6-t1" name="Should See Page Title" line="8">
<kw name="Nova sessão" library="base" type="SETUP">
<kw name="Open Browser" library="SeleniumLibrary">
<arg>${url}</arg>
<arg>chrome</arg>
<doc>Opens a new browser instance to the optional ``url``.</doc>
<msg timestamp="20220901 23:30:21.357" level="INFO">Opening browser 'chrome' to base url 'https://training-wheels-protocol.herokuapp.com'.</msg>
<status status="PASS" starttime="20220901 23:30:21.356" endtime="20220901 23:30:25.463"/>
</kw>
<status status="PASS" starttime="20220901 23:30:21.356" endtime="20220901 23:30:25.463"/>
</kw>
<kw name="Title Should Be" library="SeleniumLibrary">
<arg>Training Wheels Protocol</arg>
<doc>Verifies that the current page title equals ``title``.</doc>
<msg timestamp="20220901 23:30:25.468" level="INFO">Page title is 'Training Wheels Protocol'.</msg>
<status status="PASS" starttime="20220901 23:30:25.464" endtime="20220901 23:30:25.468"/>
</kw>
<kw name="Encerrar sessão" library="base" type="TEARDOWN">
<kw name="Capture Page Screenshot" library="SeleniumLibrary">
<doc>Takes a screenshot of the current page and embeds it into a log file.</doc>
<msg timestamp="20220901 23:30:25.682" level="INFO" html="true">&lt;/td&gt;&lt;/tr&gt;&lt;tr&gt;&lt;td colspan="3"&gt;&lt;a href="selenium-screenshot-13.png"&gt;&lt;img src="selenium-screenshot-13.png" width="800px"&gt;&lt;/a&gt;</msg>
<status status="PASS" starttime="20220901 23:30:25.469" endtime="20220901 23:30:25.682"/>
</kw>
<kw name="Close Browser" library="SeleniumLibrary">
<doc>Closes the current browser.</doc>
<status status="PASS" starttime="20220901 23:30:25.682" endtime="20220901 23:30:27.771"/>
</kw>
<status status="PASS" starttime="20220901 23:30:25.469" endtime="20220901 23:30:27.771"/>
</kw>
<status status="PASS" starttime="20220901 23:30:21.355" endtime="20220901 23:30:27.772"/>
</test>
<status status="PASS" starttime="20220901 23:30:21.350" endtime="20220901 23:30:27.773"/>
</suite>
<status status="PASS" starttime="20220901 23:28:52.340" endtime="20220901 23:30:27.775"/>
</suite>
<statistics>
<total>
<stat pass="13" fail="0" skip="0">All Tests</stat>
</total>
<tag>
<stat pass="1" fail="0" skip="0">ironman</stat>
<stat pass="1" fail="0" skip="0">login_error</stat>
<stat pass="1" fail="0" skip="0">login_user_error</stat>
</tag>
<suite>
<stat pass="13" fail="0" skip="0" id="s1" name="Tests">Tests</stat>
<stat pass="3" fail="0" skip="0" id="s1-s1" name="checkBox">Tests.checkBox</stat>
<stat pass="3" fail="0" skip="0" id="s1-s2" name="Login Form">Tests.Login Form</stat>
<stat pass="2" fail="0" skip="0" id="s1-s3" name="Radio">Tests.Radio</stat>
<stat pass="2" fail="0" skip="0" id="s1-s4" name="Select">Tests.Select</stat>
<stat pass="2" fail="0" skip="0" id="s1-s5" name="Tables">Tests.Tables</stat>
<stat pass="1" fail="0" skip="0" id="s1-s6" name="Title">Tests.Title</stat>
</suite>
</statistics>
<errors>
</errors>
</robot>
