<?xml version="1.0" encoding="UTF-8"?>
<robot generator="Robot 5.0.1 (Python 3.10.6 on win32)" generated="20220830 23:38:24.407" rpa="false" schemaversion="3">
<suite id="s1" name="Test" source="C:\qaninja\robot\test.robot">
<test id="s1-t1" name="Deve retornar mensagem de boas vindas" line="5">
<kw name="Welcome" library="app">
<var>${result}</var>
<arg>Henrique</arg>
<msg timestamp="20220830 23:38:24.439" level="INFO">${result} = Olá Henrique, bem vindo ao curso básico de Robort Framework!</msg>
<status status="PASS" starttime="20220830 23:38:24.439" endtime="20220830 23:38:24.439"/>
</kw>
<kw name="Should Be Equal" library="BuiltIn">
<arg>${result}</arg>
<arg>Olá Henrique, bem vindo ao curso básico de Robort Framework!</arg>
<doc>Fails if the given objects are unequal.</doc>
<status status="PASS" starttime="20220830 23:38:24.439" endtime="20220830 23:38:24.440"/>
</kw>
<status status="PASS" starttime="20220830 23:38:24.438" endtime="20220830 23:38:24.440"/>
</test>
<status status="PASS" starttime="20220830 23:38:24.409" endtime="20220830 23:38:24.441"/>
</suite>
<statistics>
<total>
<stat pass="1" fail="0" skip="0">All Tests</stat>
</total>
<tag>
</tag>
<suite>
<stat pass="1" fail="0" skip="0" id="s1" name="Test">Test</stat>
</suite>
</statistics>
<errors>
</errors>
</robot>
